  main.c
C:\Users\dawid\Downloads\ProcessHollowing\ProcessHollowing\ProcessHollowing\main.c(61,60): warning C4024: 'pNtQuerySystemInformation': different types for formal and actual parameter 3
C:\Users\dawid\Downloads\ProcessHollowing\ProcessHollowing\ProcessHollowing\main.c(89,52): warning C4311: 'type cast': pointer truncation from 'HANDLE' to 'DWORD'
C:\Users\dawid\Downloads\ProcessHollowing\ProcessHollowing\ProcessHollowing\main.c(90,94): warning C4311: 'type cast': pointer truncation from 'HANDLE' to 'DWORD'
C:\Users\dawid\Downloads\ProcessHollowing\ProcessHollowing\ProcessHollowing\main.c(209,35): warning C4024: 'PeekNamedPipe': different types for formal and actual parameter 3
C:\Users\dawid\Downloads\ProcessHollowing\ProcessHollowing\ProcessHollowing\main.c(274,28): warning C4090: 'function': different 'const' qualifiers
C:\Users\dawid\Downloads\ProcessHollowing\ProcessHollowing\ProcessHollowing\main.c(275,46): warning C4090: 'function': different 'const' qualifiers
C:\Users\dawid\Downloads\ProcessHollowing\ProcessHollowing\ProcessHollowing\main.c(275,123): warning C4133: 'function': incompatible types - from 'STARTUPINFO *' to 'LPSTARTUPINFOA'
C:\Users\dawid\Downloads\ProcessHollowing\ProcessHollowing\ProcessHollowing\main.c(289,31): warning C4090: 'function': different 'const' qualifiers
C:\Users\dawid\Downloads\ProcessHollowing\ProcessHollowing\ProcessHollowing\main.c(424,53): warning C4024: 'ReplaceBaseAddressImage': different types for formal and actual parameter 2
C:\Users\dawid\Downloads\ProcessHollowing\ProcessHollowing\ProcessHollowing\main.c(429,49): warning C4024: 'FixMemPermissionsEx': different types for formal and actual parameter 2
C:\Users\dawid\Downloads\ProcessHollowing\ProcessHollowing\ProcessHollowing\main.c(529,45): warning C4024: 'InitializeProcThreadAttributeList': different types for formal and actual parameter 3
C:\Users\dawid\Downloads\ProcessHollowing\ProcessHollowing\ProcessHollowing\main.c(539,60): warning C4024: 'InitializeProcThreadAttributeList': different types for formal and actual parameter 3
C:\Users\dawid\Downloads\ProcessHollowing\ProcessHollowing\ProcessHollowing\main.c(544,49): warning C4024: 'UpdateProcThreadAttribute': different types for formal and actual parameter 2
C:\Users\dawid\Downloads\ProcessHollowing\ProcessHollowing\ProcessHollowing\main.c(719,29): warning C4024: 'HeapFree': different types for formal and actual parameter 2
C:\Users\dawid\Downloads\ProcessHollowing\ProcessHollowing\ProcessHollowing\main.c(720,29): warning C4024: 'HeapFree': different types for formal and actual parameter 2
C:\Users\dawid\Downloads\ProcessHollowing\ProcessHollowing\ProcessHollowing\main.c(751,10): warning C4473: 'wprintf' : not enough arguments passed for format string
C:\Users\dawid\Downloads\ProcessHollowing\ProcessHollowing\ProcessHollowing\main.c(751,10): message : placeholders and their parameters expect 2 variadic arguments, but 1 were provided
C:\Users\dawid\Downloads\ProcessHollowing\ProcessHollowing\ProcessHollowing\main.c(751,10): message : the missing variadic argument 2 is required by format string '%d'
C:\Users\dawid\Downloads\ProcessHollowing\ProcessHollowing\ProcessHollowing\main.c(777,51): warning C4133: 'function': incompatible types - from 'char [12]' to 'LPWSTR'
  ProcessHollowing.vcxproj -> C:\Users\dawid\Downloads\ProcessHollowing\ProcessHollowing\x64\Debug\ProcessHollowing.exe
